{"/Users/matiaskochman/dev/personal/tests/post_comments/src/app.ts": {"path":"/Users/matiaskochman/dev/personal/tests/post_comments/src/app.ts","statementMap":{"0":{"start":{"line":3,"column":0},"end":{"line":3,"column":30}},"1":{"start":{"line":4,"column":0},"end":{"line":4,"column":46}},"2":{"start":{"line":5,"column":0},"end":{"line":5,"column":52}},"3":{"start":{"line":6,"column":0},"end":{"line":6,"column":46}},"4":{"start":{"line":7,"column":0},"end":{"line":7,"column":43}},"5":{"start":{"line":8,"column":0},"end":{"line":8,"column":41}},"6":{"start":{"line":9,"column":0},"end":{"line":9,"column":46}},"7":{"start":{"line":10,"column":0},"end":{"line":10,"column":57}},"8":{"start":{"line":12,"column":12},"end":{"line":12,"column":21}},"9":{"start":{"line":14,"column":0},"end":{"line":14,"column":24}},"10":{"start":{"line":17,"column":20},"end":{"line":20,"column":2}},"11":{"start":{"line":21,"column":0},"end":{"line":21,"column":68}},"12":{"start":{"line":24,"column":0},"end":{"line":24,"column":34}},"13":{"start":{"line":25,"column":0},"end":{"line":25,"column":40}},"14":{"start":{"line":26,"column":0},"end":{"line":26,"column":33}},"15":{"start":{"line":29,"column":0},"end":{"line":29,"column":22}},"16":{"start":{"line":31,"column":0},"end":{"line":31,"column":19}}},"fnMap":{},"branchMap":{},"s":{"0":1,"1":1,"2":1,"3":1,"4":1,"5":1,"6":1,"7":1,"8":1,"9":1,"10":1,"11":1,"12":1,"13":1,"14":1,"15":1,"16":1},"f":{},"b":{}}
,"/Users/matiaskochman/dev/personal/tests/post_comments/src/ormconfig.ts": {"path":"/Users/matiaskochman/dev/personal/tests/post_comments/src/ormconfig.ts","statementMap":{"0":{"start":{"line":3,"column":0},"end":{"line":3,"column":37}},"1":{"start":{"line":4,"column":0},"end":{"line":4,"column":39}},"2":{"start":{"line":5,"column":0},"end":{"line":5,"column":45}},"3":{"start":{"line":6,"column":0},"end":{"line":6,"column":28}},"4":{"start":{"line":8,"column":0},"end":{"line":8,"column":16}},"5":{"start":{"line":11,"column":13},"end":{"line":23,"column":3}},"6":{"start":{"line":26,"column":13},"end":{"line":33,"column":3}}},"fnMap":{},"branchMap":{"0":{"loc":{"start":{"line":13,"column":8},"end":{"line":13,"column":42}},"type":"binary-expr","locations":[{"start":{"line":13,"column":8},"end":{"line":13,"column":27}},{"start":{"line":13,"column":31},"end":{"line":13,"column":42}}]},"1":{"loc":{"start":{"line":14,"column":17},"end":{"line":14,"column":46}},"type":"binary-expr","locations":[{"start":{"line":14,"column":17},"end":{"line":14,"column":36}},{"start":{"line":14,"column":40},"end":{"line":14,"column":46}}]},"2":{"loc":{"start":{"line":15,"column":12},"end":{"line":15,"column":41}},"type":"binary-expr","locations":[{"start":{"line":15,"column":12},"end":{"line":15,"column":31}},{"start":{"line":15,"column":35},"end":{"line":15,"column":41}}]},"3":{"loc":{"start":{"line":16,"column":12},"end":{"line":16,"column":49}},"type":"binary-expr","locations":[{"start":{"line":16,"column":12},"end":{"line":16,"column":35}},{"start":{"line":16,"column":39},"end":{"line":16,"column":49}}]},"4":{"loc":{"start":{"line":17,"column":12},"end":{"line":17,"column":48}},"type":"binary-expr","locations":[{"start":{"line":17,"column":12},"end":{"line":17,"column":31}},{"start":{"line":17,"column":35},"end":{"line":17,"column":48}}]}},"s":{"0":1,"1":1,"2":1,"3":1,"4":1,"5":1,"6":1},"f":{},"b":{"0":[1,0],"1":[1,0],"2":[1,0],"3":[1,0],"4":[1,0]}}
,"/Users/matiaskochman/dev/personal/tests/post_comments/src/swagger.config.ts": {"path":"/Users/matiaskochman/dev/personal/tests/post_comments/src/swagger.config.ts","statementMap":{"0":{"start":{"line":3,"column":23},"end":{"line":63,"column":2}},"1":{"start":{"line":65,"column":0},"end":{"line":65,"column":30}}},"fnMap":{},"branchMap":{},"s":{"0":1,"1":1},"f":{},"b":{}}
,"/Users/matiaskochman/dev/personal/tests/post_comments/src/controllers/comment.controller.ts": {"path":"/Users/matiaskochman/dev/personal/tests/post_comments/src/controllers/comment.controller.ts","statementMap":{"0":{"start":{"line":4,"column":0},"end":{"line":4,"column":58}},"1":{"start":{"line":5,"column":0},"end":{"line":5,"column":46}},"2":{"start":{"line":7,"column":15},"end":{"line":7,"column":46}},"3":{"start":{"line":8,"column":26},"end":{"line":10,"column":37}},"4":{"start":{"line":12,"column":0},"end":{"line":12,"column":40}},"5":{"start":{"line":14,"column":23},"end":{"line":16,"column":34}},"6":{"start":{"line":21,"column":29},"end":{"line":50,"column":2}},"7":{"start":{"line":24,"column":19},"end":{"line":50,"column":2}},"8":{"start":{"line":25,"column":2},"end":{"line":49,"column":3}},"9":{"start":{"line":26,"column":42},"end":{"line":26,"column":50}},"10":{"start":{"line":29,"column":4},"end":{"line":32,"column":5}},"11":{"start":{"line":30,"column":6},"end":{"line":30,"column":70}},"12":{"start":{"line":31,"column":6},"end":{"line":31,"column":13}},"13":{"start":{"line":35,"column":20},"end":{"line":40,"column":6}},"14":{"start":{"line":43,"column":25},"end":{"line":43,"column":62}},"15":{"start":{"line":45,"column":4},"end":{"line":45,"column":39}},"16":{"start":{"line":47,"column":4},"end":{"line":47,"column":58}},"17":{"start":{"line":48,"column":4},"end":{"line":48,"column":70}},"18":{"start":{"line":21,"column":13},"end":{"line":21,"column":29}},"19":{"start":{"line":57,"column":27},"end":{"line":105,"column":2}},"20":{"start":{"line":60,"column":19},"end":{"line":105,"column":2}},"21":{"start":{"line":61,"column":2},"end":{"line":104,"column":3}},"22":{"start":{"line":62,"column":37},"end":{"line":62,"column":45}},"23":{"start":{"line":64,"column":4},"end":{"line":72,"column":5}},"24":{"start":{"line":70,"column":6},"end":{"line":70,"column":57}},"25":{"start":{"line":71,"column":6},"end":{"line":71,"column":13}},"26":{"start":{"line":74,"column":20},"end":{"line":76,"column":6}},"27":{"start":{"line":78,"column":4},"end":{"line":81,"column":5}},"28":{"start":{"line":79,"column":6},"end":{"line":79,"column":68}},"29":{"start":{"line":80,"column":6},"end":{"line":80,"column":13}},"30":{"start":{"line":83,"column":20},"end":{"line":86,"column":6}},"31":{"start":{"line":88,"column":4},"end":{"line":93,"column":5}},"32":{"start":{"line":89,"column":6},"end":{"line":91,"column":75}},"33":{"start":{"line":92,"column":6},"end":{"line":92,"column":13}},"34":{"start":{"line":95,"column":4},"end":{"line":95,"column":27}},"35":{"start":{"line":96,"column":4},"end":{"line":96,"column":42}},"36":{"start":{"line":98,"column":4},"end":{"line":100,"column":68}},"37":{"start":{"line":102,"column":4},"end":{"line":102,"column":58}},"38":{"start":{"line":103,"column":4},"end":{"line":103,"column":70}},"39":{"start":{"line":57,"column":13},"end":{"line":57,"column":27}}},"fnMap":{"0":{"name":"(anonymous_7)","decl":{"start":{"line":21,"column":29},"end":{"line":21,"column":null}},"loc":{"start":{"line":24,"column":19},"end":{"line":50,"column":2}}},"1":{"name":"(anonymous_8)","decl":{"start":{"line":24,"column":19},"end":{"line":24,"column":null}},"loc":{"start":{"line":24,"column":19},"end":{"line":50,"column":1}}},"2":{"name":"(anonymous_9)","decl":{"start":{"line":57,"column":27},"end":{"line":57,"column":null}},"loc":{"start":{"line":60,"column":19},"end":{"line":105,"column":2}}},"3":{"name":"(anonymous_10)","decl":{"start":{"line":60,"column":19},"end":{"line":60,"column":null}},"loc":{"start":{"line":60,"column":19},"end":{"line":105,"column":1}}}},"branchMap":{"0":{"loc":{"start":{"line":8,"column":26},"end":{"line":10,"column":37}},"type":"cond-expr","locations":[{"start":{"line":9,"column":4},"end":{"line":9,"column":41}},{"start":{"line":10,"column":4},"end":{"line":10,"column":37}}]},"1":{"loc":{"start":{"line":14,"column":23},"end":{"line":16,"column":34}},"type":"cond-expr","locations":[{"start":{"line":15,"column":4},"end":{"line":15,"column":38}},{"start":{"line":16,"column":4},"end":{"line":16,"column":34}}]},"2":{"loc":{"start":{"line":29,"column":4},"end":{"line":32,"column":5}},"type":"if","locations":[{"start":{"line":29,"column":4},"end":{"line":32,"column":5}}]},"3":{"loc":{"start":{"line":29,"column":8},"end":{"line":29,"column":43}},"type":"binary-expr","locations":[{"start":{"line":29,"column":8},"end":{"line":29,"column":13}},{"start":{"line":29,"column":17},"end":{"line":29,"column":22}},{"start":{"line":29,"column":26},"end":{"line":29,"column":32}},{"start":{"line":29,"column":36},"end":{"line":29,"column":43}}]},"4":{"loc":{"start":{"line":64,"column":4},"end":{"line":72,"column":5}},"type":"if","locations":[{"start":{"line":64,"column":4},"end":{"line":72,"column":5}}]},"5":{"loc":{"start":{"line":65,"column":6},"end":{"line":68,"column":30}},"type":"binary-expr","locations":[{"start":{"line":65,"column":6},"end":{"line":65,"column":16}},{"start":{"line":66,"column":6},"end":{"line":66,"column":30}},{"start":{"line":67,"column":6},"end":{"line":67,"column":16}},{"start":{"line":68,"column":6},"end":{"line":68,"column":30}}]},"6":{"loc":{"start":{"line":78,"column":4},"end":{"line":81,"column":5}},"type":"if","locations":[{"start":{"line":78,"column":4},"end":{"line":81,"column":5}}]},"7":{"loc":{"start":{"line":88,"column":4},"end":{"line":93,"column":5}},"type":"if","locations":[{"start":{"line":88,"column":4},"end":{"line":93,"column":5}}]}},"s":{"0":1,"1":1,"2":1,"3":1,"4":1,"5":1,"6":1,"7":0,"8":0,"9":0,"10":0,"11":0,"12":0,"13":0,"14":0,"15":0,"16":0,"17":0,"18":1,"19":1,"20":0,"21":0,"22":0,"23":0,"24":0,"25":0,"26":0,"27":0,"28":0,"29":0,"30":0,"31":0,"32":0,"33":0,"34":0,"35":0,"36":0,"37":0,"38":0,"39":1},"f":{"0":0,"1":0,"2":0,"3":0},"b":{"0":[1,0],"1":[1,0],"2":[0],"3":[0,0,0,0],"4":[0],"5":[0,0,0,0],"6":[0],"7":[0]}}
,"/Users/matiaskochman/dev/personal/tests/post_comments/src/controllers/post.controller.ts": {"path":"/Users/matiaskochman/dev/personal/tests/post_comments/src/controllers/post.controller.ts","statementMap":{"0":{"start":{"line":4,"column":0},"end":{"line":4,"column":58}},"1":{"start":{"line":5,"column":0},"end":{"line":5,"column":40}},"2":{"start":{"line":6,"column":0},"end":{"line":6,"column":46}},"3":{"start":{"line":8,"column":15},"end":{"line":8,"column":46}},"4":{"start":{"line":9,"column":23},"end":{"line":11,"column":34}},"5":{"start":{"line":13,"column":26},"end":{"line":13,"column":59}},"6":{"start":{"line":20,"column":27},"end":{"line":31,"column":2}},"7":{"start":{"line":23,"column":19},"end":{"line":31,"column":2}},"8":{"start":{"line":24,"column":2},"end":{"line":30,"column":3}},"9":{"start":{"line":25,"column":18},"end":{"line":25,"column":72}},"10":{"start":{"line":26,"column":4},"end":{"line":26,"column":20}},"11":{"start":{"line":28,"column":4},"end":{"line":28,"column":56}},"12":{"start":{"line":29,"column":4},"end":{"line":29,"column":68}},"13":{"start":{"line":20,"column":13},"end":{"line":20,"column":27}},"14":{"start":{"line":36,"column":26},"end":{"line":61,"column":2}},"15":{"start":{"line":39,"column":19},"end":{"line":61,"column":2}},"16":{"start":{"line":40,"column":2},"end":{"line":60,"column":3}},"17":{"start":{"line":41,"column":53},"end":{"line":41,"column":61}},"18":{"start":{"line":43,"column":4},"end":{"line":46,"column":5}},"19":{"start":{"line":44,"column":6},"end":{"line":44,"column":70}},"20":{"start":{"line":45,"column":6},"end":{"line":45,"column":13}},"21":{"start":{"line":48,"column":17},"end":{"line":54,"column":6}},"22":{"start":{"line":55,"column":22},"end":{"line":55,"column":53}},"23":{"start":{"line":56,"column":4},"end":{"line":56,"column":36}},"24":{"start":{"line":58,"column":4},"end":{"line":58,"column":52}},"25":{"start":{"line":59,"column":4},"end":{"line":59,"column":64}},"26":{"start":{"line":36,"column":13},"end":{"line":36,"column":26}},"27":{"start":{"line":66,"column":27},"end":{"line":93,"column":2}},"28":{"start":{"line":69,"column":19},"end":{"line":93,"column":2}},"29":{"start":{"line":70,"column":2},"end":{"line":92,"column":3}},"30":{"start":{"line":71,"column":19},"end":{"line":71,"column":29}},"31":{"start":{"line":73,"column":4},"end":{"line":76,"column":5}},"32":{"start":{"line":74,"column":6},"end":{"line":74,"column":55}},"33":{"start":{"line":75,"column":6},"end":{"line":75,"column":13}},"34":{"start":{"line":78,"column":17},"end":{"line":81,"column":6}},"35":{"start":{"line":83,"column":4},"end":{"line":86,"column":5}},"36":{"start":{"line":84,"column":6},"end":{"line":84,"column":62}},"37":{"start":{"line":85,"column":6},"end":{"line":85,"column":13}},"38":{"start":{"line":88,"column":4},"end":{"line":88,"column":19}},"39":{"start":{"line":90,"column":4},"end":{"line":90,"column":54}},"40":{"start":{"line":91,"column":4},"end":{"line":91,"column":66}},"41":{"start":{"line":66,"column":13},"end":{"line":66,"column":27}},"42":{"start":{"line":98,"column":35},"end":{"line":127,"column":2}},"43":{"start":{"line":101,"column":19},"end":{"line":127,"column":2}},"44":{"start":{"line":102,"column":2},"end":{"line":126,"column":3}},"45":{"start":{"line":103,"column":24},"end":{"line":103,"column":34}},"46":{"start":{"line":105,"column":4},"end":{"line":108,"column":5}},"47":{"start":{"line":106,"column":6},"end":{"line":106,"column":63}},"48":{"start":{"line":107,"column":6},"end":{"line":107,"column":13}},"49":{"start":{"line":110,"column":17},"end":{"line":113,"column":6}},"50":{"start":{"line":115,"column":4},"end":{"line":118,"column":5}},"51":{"start":{"line":116,"column":6},"end":{"line":116,"column":62}},"52":{"start":{"line":117,"column":6},"end":{"line":117,"column":13}},"53":{"start":{"line":120,"column":4},"end":{"line":120,"column":28}},"54":{"start":{"line":122,"column":4},"end":{"line":122,"column":71}},"55":{"start":{"line":123,"column":4},"end":{"line":125,"column":70}},"56":{"start":{"line":98,"column":13},"end":{"line":98,"column":35}},"57":{"start":{"line":129,"column":30},"end":{"line":156,"column":2}},"58":{"start":{"line":132,"column":19},"end":{"line":156,"column":2}},"59":{"start":{"line":133,"column":2},"end":{"line":155,"column":3}},"60":{"start":{"line":134,"column":19},"end":{"line":134,"column":29}},"61":{"start":{"line":136,"column":4},"end":{"line":139,"column":5}},"62":{"start":{"line":137,"column":6},"end":{"line":137,"column":55}},"63":{"start":{"line":138,"column":6},"end":{"line":138,"column":13}},"64":{"start":{"line":141,"column":17},"end":{"line":141,"column":67}},"65":{"start":{"line":143,"column":4},"end":{"line":146,"column":5}},"66":{"start":{"line":144,"column":6},"end":{"line":144,"column":62}},"67":{"start":{"line":145,"column":6},"end":{"line":145,"column":13}},"68":{"start":{"line":148,"column":4},"end":{"line":148,"column":32}},"69":{"start":{"line":149,"column":4},"end":{"line":149,"column":36}},"70":{"start":{"line":151,"column":4},"end":{"line":151,"column":70}},"71":{"start":{"line":153,"column":4},"end":{"line":153,"column":55}},"72":{"start":{"line":154,"column":4},"end":{"line":154,"column":67}},"73":{"start":{"line":129,"column":13},"end":{"line":129,"column":30}}},"fnMap":{"0":{"name":"(anonymous_7)","decl":{"start":{"line":20,"column":27},"end":{"line":20,"column":null}},"loc":{"start":{"line":23,"column":19},"end":{"line":31,"column":2}}},"1":{"name":"(anonymous_8)","decl":{"start":{"line":23,"column":19},"end":{"line":23,"column":null}},"loc":{"start":{"line":23,"column":19},"end":{"line":31,"column":1}}},"2":{"name":"(anonymous_9)","decl":{"start":{"line":36,"column":26},"end":{"line":36,"column":null}},"loc":{"start":{"line":39,"column":19},"end":{"line":61,"column":2}}},"3":{"name":"(anonymous_10)","decl":{"start":{"line":39,"column":19},"end":{"line":39,"column":null}},"loc":{"start":{"line":39,"column":19},"end":{"line":61,"column":1}}},"4":{"name":"(anonymous_11)","decl":{"start":{"line":66,"column":27},"end":{"line":66,"column":null}},"loc":{"start":{"line":69,"column":19},"end":{"line":93,"column":2}}},"5":{"name":"(anonymous_12)","decl":{"start":{"line":69,"column":19},"end":{"line":69,"column":null}},"loc":{"start":{"line":69,"column":19},"end":{"line":93,"column":1}}},"6":{"name":"(anonymous_13)","decl":{"start":{"line":98,"column":35},"end":{"line":98,"column":null}},"loc":{"start":{"line":101,"column":19},"end":{"line":127,"column":2}}},"7":{"name":"(anonymous_14)","decl":{"start":{"line":101,"column":19},"end":{"line":101,"column":null}},"loc":{"start":{"line":101,"column":19},"end":{"line":127,"column":1}}},"8":{"name":"(anonymous_15)","decl":{"start":{"line":129,"column":30},"end":{"line":129,"column":null}},"loc":{"start":{"line":132,"column":19},"end":{"line":156,"column":2}}},"9":{"name":"(anonymous_16)","decl":{"start":{"line":132,"column":19},"end":{"line":132,"column":null}},"loc":{"start":{"line":132,"column":19},"end":{"line":156,"column":1}}}},"branchMap":{"0":{"loc":{"start":{"line":9,"column":23},"end":{"line":11,"column":34}},"type":"cond-expr","locations":[{"start":{"line":10,"column":4},"end":{"line":10,"column":38}},{"start":{"line":11,"column":4},"end":{"line":11,"column":34}}]},"1":{"loc":{"start":{"line":43,"column":4},"end":{"line":46,"column":5}},"type":"if","locations":[{"start":{"line":43,"column":4},"end":{"line":46,"column":5}}]},"2":{"loc":{"start":{"line":43,"column":8},"end":{"line":43,"column":34}},"type":"binary-expr","locations":[{"start":{"line":43,"column":8},"end":{"line":43,"column":14}},{"start":{"line":43,"column":18},"end":{"line":43,"column":23}},{"start":{"line":43,"column":27},"end":{"line":43,"column":34}}]},"3":{"loc":{"start":{"line":73,"column":4},"end":{"line":76,"column":5}},"type":"if","locations":[{"start":{"line":73,"column":4},"end":{"line":76,"column":5}}]},"4":{"loc":{"start":{"line":73,"column":8},"end":{"line":73,"column":32}},"type":"binary-expr","locations":[{"start":{"line":73,"column":8},"end":{"line":73,"column":11}},{"start":{"line":73,"column":15},"end":{"line":73,"column":32}}]},"5":{"loc":{"start":{"line":83,"column":4},"end":{"line":86,"column":5}},"type":"if","locations":[{"start":{"line":83,"column":4},"end":{"line":86,"column":5}}]},"6":{"loc":{"start":{"line":105,"column":4},"end":{"line":108,"column":5}},"type":"if","locations":[{"start":{"line":105,"column":4},"end":{"line":108,"column":5}}]},"7":{"loc":{"start":{"line":105,"column":8},"end":{"line":105,"column":42}},"type":"binary-expr","locations":[{"start":{"line":105,"column":8},"end":{"line":105,"column":16}},{"start":{"line":105,"column":20},"end":{"line":105,"column":42}}]},"8":{"loc":{"start":{"line":115,"column":4},"end":{"line":118,"column":5}},"type":"if","locations":[{"start":{"line":115,"column":4},"end":{"line":118,"column":5}}]},"9":{"loc":{"start":{"line":136,"column":4},"end":{"line":139,"column":5}},"type":"if","locations":[{"start":{"line":136,"column":4},"end":{"line":139,"column":5}}]},"10":{"loc":{"start":{"line":136,"column":8},"end":{"line":136,"column":32}},"type":"binary-expr","locations":[{"start":{"line":136,"column":8},"end":{"line":136,"column":11}},{"start":{"line":136,"column":15},"end":{"line":136,"column":32}}]},"11":{"loc":{"start":{"line":143,"column":4},"end":{"line":146,"column":5}},"type":"if","locations":[{"start":{"line":143,"column":4},"end":{"line":146,"column":5}}]}},"s":{"0":1,"1":1,"2":1,"3":1,"4":1,"5":1,"6":1,"7":0,"8":0,"9":0,"10":0,"11":0,"12":0,"13":1,"14":1,"15":2,"16":2,"17":2,"18":2,"19":1,"20":1,"21":1,"22":1,"23":1,"24":0,"25":0,"26":1,"27":1,"28":0,"29":0,"30":0,"31":0,"32":0,"33":0,"34":0,"35":0,"36":0,"37":0,"38":0,"39":0,"40":0,"41":1,"42":1,"43":0,"44":0,"45":0,"46":0,"47":0,"48":0,"49":0,"50":0,"51":0,"52":0,"53":0,"54":0,"55":0,"56":1,"57":1,"58":0,"59":0,"60":0,"61":0,"62":0,"63":0,"64":0,"65":0,"66":0,"67":0,"68":0,"69":0,"70":0,"71":0,"72":0,"73":1},"f":{"0":0,"1":0,"2":2,"3":2,"4":0,"5":0,"6":0,"7":0,"8":0,"9":0},"b":{"0":[1,0],"1":[1],"2":[2,1,1],"3":[0],"4":[0,0],"5":[0],"6":[0],"7":[0,0],"8":[0],"9":[0],"10":[0,0],"11":[0]}}
,"/Users/matiaskochman/dev/personal/tests/post_comments/src/entities/Comment.ts": {"path":"/Users/matiaskochman/dev/personal/tests/post_comments/src/entities/Comment.ts","statementMap":{"0":{"start":{"line":3,"column":0},"end":{"line":3,"column":null}},"1":{"start":{"line":10,"column":0},"end":{"line":10,"column":30}},"2":{"start":{"line":13,"column":7},"end":{"line":32,"column":null}},"3":{"start":{"line":13,"column":13},"end":{"line":13,"column":20}},"4":{"start":{"line":15,"column":2},"end":{"line":15,"column":null}},"5":{"start":{"line":18,"column":2},"end":{"line":18,"column":null}},"6":{"start":{"line":21,"column":2},"end":{"line":21,"column":null}},"7":{"start":{"line":24,"column":2},"end":{"line":24,"column":null}},"8":{"start":{"line":27,"column":2},"end":{"line":27,"column":null}},"9":{"start":{"line":31,"column":2},"end":{"line":31,"column":null}},"10":{"start":{"line":29,"column":19},"end":{"line":29,"column":23}},"11":{"start":{"line":29,"column":35},"end":{"line":29,"column":48}},"12":{"start":{"line":13,"column":13},"end":{"line":32,"column":null}}},"fnMap":{"0":{"name":"(anonymous_2)","decl":{"start":{"line":29,"column":13},"end":{"line":29,"column":16}},"loc":{"start":{"line":29,"column":19},"end":{"line":29,"column":23}}},"1":{"name":"(anonymous_3)","decl":{"start":{"line":29,"column":25},"end":{"line":29,"column":26}},"loc":{"start":{"line":29,"column":35},"end":{"line":29,"column":48}}}},"branchMap":{},"s":{"0":1,"1":1,"2":1,"3":1,"4":1,"5":1,"6":1,"7":1,"8":1,"9":1,"10":1,"11":1,"12":1},"f":{"0":1,"1":1},"b":{}}
,"/Users/matiaskochman/dev/personal/tests/post_comments/src/entities/Post.ts": {"path":"/Users/matiaskochman/dev/personal/tests/post_comments/src/entities/Post.ts","statementMap":{"0":{"start":{"line":3,"column":0},"end":{"line":3,"column":null}},"1":{"start":{"line":10,"column":0},"end":{"line":10,"column":36}},"2":{"start":{"line":13,"column":7},"end":{"line":34,"column":null}},"3":{"start":{"line":13,"column":13},"end":{"line":13,"column":17}},"4":{"start":{"line":15,"column":2},"end":{"line":15,"column":null}},"5":{"start":{"line":18,"column":2},"end":{"line":18,"column":null}},"6":{"start":{"line":21,"column":2},"end":{"line":21,"column":null}},"7":{"start":{"line":24,"column":2},"end":{"line":24,"column":null}},"8":{"start":{"line":27,"column":2},"end":{"line":27,"column":null}},"9":{"start":{"line":30,"column":2},"end":{"line":30,"column":null}},"10":{"start":{"line":29,"column":19},"end":{"line":29,"column":26}},"11":{"start":{"line":29,"column":41},"end":{"line":29,"column":53}},"12":{"start":{"line":33,"column":2},"end":{"line":33,"column":null}},"13":{"start":{"line":13,"column":13},"end":{"line":34,"column":null}}},"fnMap":{"0":{"name":"(anonymous_2)","decl":{"start":{"line":29,"column":13},"end":{"line":29,"column":16}},"loc":{"start":{"line":29,"column":19},"end":{"line":29,"column":26}}},"1":{"name":"(anonymous_3)","decl":{"start":{"line":29,"column":28},"end":{"line":29,"column":29}},"loc":{"start":{"line":29,"column":41},"end":{"line":29,"column":53}}}},"branchMap":{},"s":{"0":1,"1":1,"2":1,"3":1,"4":1,"5":1,"6":1,"7":1,"8":1,"9":1,"10":1,"11":1,"12":1,"13":1},"f":{"0":1,"1":1},"b":{}}
,"/Users/matiaskochman/dev/personal/tests/post_comments/src/middleware/errorHandler.ts": {"path":"/Users/matiaskochman/dev/personal/tests/post_comments/src/middleware/errorHandler.ts","statementMap":{"0":{"start":{"line":9,"column":28},"end":{"line":23,"column":1}},"1":{"start":{"line":15,"column":2},"end":{"line":15,"column":27}},"2":{"start":{"line":17,"column":21},"end":{"line":17,"column":42}},"3":{"start":{"line":18,"column":18},"end":{"line":18,"column":56}},"4":{"start":{"line":20,"column":2},"end":{"line":22,"column":5}},"5":{"start":{"line":9,"column":13},"end":{"line":9,"column":28}}},"fnMap":{"0":{"name":"(anonymous_0)","decl":{"start":{"line":9,"column":28},"end":{"line":9,"column":null}},"loc":{"start":{"line":14,"column":4},"end":{"line":23,"column":1}}}},"branchMap":{"0":{"loc":{"start":{"line":17,"column":21},"end":{"line":17,"column":42}},"type":"binary-expr","locations":[{"start":{"line":17,"column":21},"end":{"line":17,"column":35}},{"start":{"line":17,"column":39},"end":{"line":17,"column":42}}]},"1":{"loc":{"start":{"line":18,"column":18},"end":{"line":18,"column":56}},"type":"binary-expr","locations":[{"start":{"line":18,"column":18},"end":{"line":18,"column":29}},{"start":{"line":18,"column":33},"end":{"line":18,"column":56}}]}},"s":{"0":1,"1":0,"2":0,"3":0,"4":0,"5":1},"f":{"0":0},"b":{"0":[0,0],"1":[0,0]}}
,"/Users/matiaskochman/dev/personal/tests/post_comments/src/routes/comment.routes.ts": {"path":"/Users/matiaskochman/dev/personal/tests/post_comments/src/routes/comment.routes.ts","statementMap":{"0":{"start":{"line":1,"column":0},"end":{"line":1,"column":33}},"1":{"start":{"line":2,"column":0},"end":{"line":2,"column":79}},"2":{"start":{"line":4,"column":15},"end":{"line":4,"column":23}},"3":{"start":{"line":6,"column":0},"end":{"line":6,"column":32}},"4":{"start":{"line":39,"column":0},"end":{"line":39,"column":33}},"5":{"start":{"line":41,"column":0},"end":{"line":41,"column":22}}},"fnMap":{},"branchMap":{},"s":{"0":1,"1":1,"2":1,"3":1,"4":1,"5":1},"f":{},"b":{}}
,"/Users/matiaskochman/dev/personal/tests/post_comments/src/routes/post.routes.ts": {"path":"/Users/matiaskochman/dev/personal/tests/post_comments/src/routes/post.routes.ts","statementMap":{"0":{"start":{"line":3,"column":0},"end":{"line":3,"column":33}},"1":{"start":{"line":4,"column":0},"end":{"line":4,"column":null}},"2":{"start":{"line":12,"column":15},"end":{"line":12,"column":23}},"3":{"start":{"line":29,"column":0},"end":{"line":29,"column":29}},"4":{"start":{"line":46,"column":0},"end":{"line":46,"column":29}},"5":{"start":{"line":67,"column":0},"end":{"line":67,"column":32}},"6":{"start":{"line":95,"column":0},"end":{"line":95,"column":54}},"7":{"start":{"line":116,"column":0},"end":{"line":116,"column":38}},"8":{"start":{"line":118,"column":0},"end":{"line":118,"column":22}}},"fnMap":{},"branchMap":{},"s":{"0":1,"1":1,"2":1,"3":1,"4":1,"5":1,"6":1,"7":1,"8":1},"f":{},"b":{}}
,"/Users/matiaskochman/dev/personal/tests/post_comments/src/routes/test.routes.ts": {"path":"/Users/matiaskochman/dev/personal/tests/post_comments/src/routes/test.routes.ts","statementMap":{"0":{"start":{"line":3,"column":0},"end":{"line":3,"column":52}},"1":{"start":{"line":5,"column":15},"end":{"line":5,"column":23}},"2":{"start":{"line":10,"column":0},"end":{"line":12,"column":3}},"3":{"start":{"line":11,"column":2},"end":{"line":11,"column":43}},"4":{"start":{"line":14,"column":0},"end":{"line":14,"column":22}}},"fnMap":{"0":{"name":"(anonymous_0)","decl":{"start":{"line":10,"column":21},"end":{"line":10,"column":22}},"loc":{"start":{"line":10,"column":53},"end":{"line":12,"column":1}}}},"branchMap":{},"s":{"0":1,"1":1,"2":1,"3":0,"4":1},"f":{"0":0},"b":{}}
}
