TN:
SF:src/app.ts
FNF:0
FNH:0
DA:3,1
DA:4,1
DA:5,1
DA:6,1
DA:7,1
DA:8,1
DA:9,1
DA:10,1
DA:12,1
DA:14,1
DA:17,1
DA:21,1
DA:24,1
DA:25,1
DA:26,1
DA:29,1
DA:31,1
LF:17
LH:17
BRF:0
BRH:0
end_of_record
TN:
SF:src/ormconfig.ts
FNF:0
FNH:0
DA:3,1
DA:4,1
DA:5,1
DA:6,1
DA:8,1
DA:11,1
DA:26,1
LF:7
LH:7
BRDA:13,0,0,1
BRDA:13,0,1,0
BRDA:14,1,0,1
BRDA:14,1,1,0
BRDA:15,2,0,1
BRDA:15,2,1,0
BRDA:16,3,0,1
BRDA:16,3,1,0
BRDA:17,4,0,1
BRDA:17,4,1,0
BRF:10
BRH:5
end_of_record
TN:
SF:src/swagger.config.ts
FNF:0
FNH:0
DA:3,1
DA:65,1
LF:2
LH:2
BRF:0
BRH:0
end_of_record
TN:
SF:src/controllers/comment.controller.ts
FN:21,(anonymous_7)
FN:24,(anonymous_8)
FN:57,(anonymous_9)
FN:60,(anonymous_10)
FNF:4
FNH:0
FNDA:0,(anonymous_7)
FNDA:0,(anonymous_8)
FNDA:0,(anonymous_9)
FNDA:0,(anonymous_10)
DA:4,1
DA:5,1
DA:7,1
DA:8,1
DA:12,1
DA:14,1
DA:21,1
DA:24,0
DA:25,0
DA:26,0
DA:29,0
DA:30,0
DA:31,0
DA:35,0
DA:43,0
DA:45,0
DA:47,0
DA:48,0
DA:57,1
DA:60,0
DA:61,0
DA:62,0
DA:64,0
DA:70,0
DA:71,0
DA:74,0
DA:78,0
DA:79,0
DA:80,0
DA:83,0
DA:88,0
DA:89,0
DA:92,0
DA:95,0
DA:96,0
DA:98,0
DA:102,0
DA:103,0
LF:38
LH:8
BRDA:8,0,0,1
BRDA:8,0,1,0
BRDA:14,1,0,1
BRDA:14,1,1,0
BRDA:29,2,0,0
BRDA:29,3,0,0
BRDA:29,3,1,0
BRDA:29,3,2,0
BRDA:29,3,3,0
BRDA:64,4,0,0
BRDA:65,5,0,0
BRDA:65,5,1,0
BRDA:65,5,2,0
BRDA:65,5,3,0
BRDA:78,6,0,0
BRDA:88,7,0,0
BRF:16
BRH:2
end_of_record
TN:
SF:src/controllers/post.controller.ts
FN:20,(anonymous_7)
FN:23,(anonymous_8)
FN:36,(anonymous_9)
FN:39,(anonymous_10)
FN:66,(anonymous_11)
FN:69,(anonymous_12)
FN:98,(anonymous_13)
FN:101,(anonymous_14)
FN:129,(anonymous_15)
FN:132,(anonymous_16)
FNF:10
FNH:2
FNDA:0,(anonymous_7)
FNDA:0,(anonymous_8)
FNDA:2,(anonymous_9)
FNDA:2,(anonymous_10)
FNDA:0,(anonymous_11)
FNDA:0,(anonymous_12)
FNDA:0,(anonymous_13)
FNDA:0,(anonymous_14)
FNDA:0,(anonymous_15)
FNDA:0,(anonymous_16)
DA:4,1
DA:5,1
DA:6,1
DA:8,1
DA:9,1
DA:13,1
DA:20,1
DA:23,0
DA:24,0
DA:25,0
DA:26,0
DA:28,0
DA:29,0
DA:36,1
DA:39,2
DA:40,2
DA:41,2
DA:43,2
DA:44,1
DA:45,1
DA:48,1
DA:55,1
DA:56,1
DA:58,0
DA:59,0
DA:66,1
DA:69,0
DA:70,0
DA:71,0
DA:73,0
DA:74,0
DA:75,0
DA:78,0
DA:83,0
DA:84,0
DA:85,0
DA:88,0
DA:90,0
DA:91,0
DA:98,1
DA:101,0
DA:102,0
DA:103,0
DA:105,0
DA:106,0
DA:107,0
DA:110,0
DA:115,0
DA:116,0
DA:117,0
DA:120,0
DA:122,0
DA:123,0
DA:129,1
DA:132,0
DA:133,0
DA:134,0
DA:136,0
DA:137,0
DA:138,0
DA:141,0
DA:143,0
DA:144,0
DA:145,0
DA:148,0
DA:149,0
DA:151,0
DA:153,0
DA:154,0
LF:69
LH:20
BRDA:9,0,0,1
BRDA:9,0,1,0
BRDA:43,1,0,1
BRDA:43,2,0,2
BRDA:43,2,1,1
BRDA:43,2,2,1
BRDA:73,3,0,0
BRDA:73,4,0,0
BRDA:73,4,1,0
BRDA:83,5,0,0
BRDA:105,6,0,0
BRDA:105,7,0,0
BRDA:105,7,1,0
BRDA:115,8,0,0
BRDA:136,9,0,0
BRDA:136,10,0,0
BRDA:136,10,1,0
BRDA:143,11,0,0
BRF:18
BRH:5
end_of_record
TN:
SF:src/entities/Comment.ts
FN:29,(anonymous_2)
FN:29,(anonymous_3)
FNF:2
FNH:2
FNDA:1,(anonymous_2)
FNDA:1,(anonymous_3)
DA:3,1
DA:10,1
DA:13,1
DA:15,1
DA:18,1
DA:21,1
DA:24,1
DA:27,1
DA:29,1
DA:31,1
LF:10
LH:10
BRF:0
BRH:0
end_of_record
TN:
SF:src/entities/Post.ts
FN:29,(anonymous_2)
FN:29,(anonymous_3)
FNF:2
FNH:2
FNDA:1,(anonymous_2)
FNDA:1,(anonymous_3)
DA:3,1
DA:10,1
DA:13,1
DA:15,1
DA:18,1
DA:21,1
DA:24,1
DA:27,1
DA:29,1
DA:30,1
DA:33,1
LF:11
LH:11
BRF:0
BRH:0
end_of_record
TN:
SF:src/middleware/errorHandler.ts
FN:9,(anonymous_0)
FNF:1
FNH:0
FNDA:0,(anonymous_0)
DA:9,1
DA:15,0
DA:17,0
DA:18,0
DA:20,0
LF:5
LH:1
BRDA:17,0,0,0
BRDA:17,0,1,0
BRDA:18,1,0,0
BRDA:18,1,1,0
BRF:4
BRH:0
end_of_record
TN:
SF:src/routes/comment.routes.ts
FNF:0
FNH:0
DA:1,1
DA:2,1
DA:4,1
DA:6,1
DA:39,1
DA:41,1
LF:6
LH:6
BRF:0
BRH:0
end_of_record
TN:
SF:src/routes/post.routes.ts
FNF:0
FNH:0
DA:3,1
DA:4,1
DA:12,1
DA:29,1
DA:46,1
DA:67,1
DA:95,1
DA:116,1
DA:118,1
LF:9
LH:9
BRF:0
BRH:0
end_of_record
TN:
SF:src/routes/test.routes.ts
FN:10,(anonymous_0)
FNF:1
FNH:0
FNDA:0,(anonymous_0)
DA:3,1
DA:5,1
DA:10,1
DA:11,0
DA:14,1
LF:5
LH:4
BRF:0
BRH:0
end_of_record
